<?xml version="1.0" encoding="UTF-8"?>
<!-- Generated by org.testng.reporters.JUnitReportReporter -->
<testsuite hostname="DESKTOP-LQTDUQR" failures="0" tests="2" name="coverFoxTest.Listerner" time="8.189" errors="0" timestamp="2024-08-10T22:52:59 IST" skipped="0">
  <testcase classname="coverFoxTest.Listerner" name="ChecksortPlan" time="4.102">
    <system-out>
      <![CDATA[ChecksortPlanTC execution started]]>
    </system-out>
  </testcase> <!-- ChecksortPlan -->
  <testcase classname="coverFoxTest.Listerner" name="validationBanners" time="4.087">
    <system-out>
      <![CDATA[validationBannersTC execution started]]>
    </system-out>
  </testcase> <!-- validationBanners -->
  <system-out>
    <![CDATA[launching browser
waiting...
Reading data from property fileage
selecting age
click on next button
Reading data from property filepincode
select Pincode
Reading data from property filemobno
select mobilenumber
click on next button
ChecksortPlanTC execution started
validationBannersTC execution started]]>
  </system-out>
</testsuite> <!-- coverFoxTest.Listerner -->
